c:\users\smetana\documents\github\gevorkyan_oopp\gevorkyan_oopp\gevorkyan_oopp\x64\debug\vc143.pdb
c:\users\smetana\documents\github\gevorkyan_oopp\gevorkyan_oopp\gevorkyan_oopp\x64\debug\vc143.idb
c:\users\smetana\documents\github\gevorkyan_oopp\gevorkyan_oopp\gevorkyan_oopp\x64\debug\gevorkyan_oopp.obj
c:\users\smetana\documents\github\gevorkyan_oopp\gevorkyan_oopp\gevorkyan_oopp\x64\debug\gevorkyan_oopp.ilk
c:\users\smetana\documents\github\gevorkyan_oopp\gevorkyan_oopp\x64\debug\gevorkyan_oopp.pdb
c:\users\smetana\documents\github\gevorkyan_oopp\gevorkyan_oopp\gevorkyan_oopp\x64\debug\gevorkyan_oopp.tlog\cl.command.1.tlog
c:\users\smetana\documents\github\gevorkyan_oopp\gevorkyan_oopp\gevorkyan_oopp\x64\debug\gevorkyan_oopp.tlog\cl.items.tlog
c:\users\smetana\documents\github\gevorkyan_oopp\gevorkyan_oopp\gevorkyan_oopp\x64\debug\gevorkyan_oopp.tlog\cl.read.1.tlog
c:\users\smetana\documents\github\gevorkyan_oopp\gevorkyan_oopp\gevorkyan_oopp\x64\debug\gevorkyan_oopp.tlog\cl.write.1.tlog
c:\users\smetana\documents\github\gevorkyan_oopp\gevorkyan_oopp\gevorkyan_oopp\x64\debug\gevorkyan_oopp.tlog\link-cvtres.read.1.tlog
c:\users\smetana\documents\github\gevorkyan_oopp\gevorkyan_oopp\gevorkyan_oopp\x64\debug\gevorkyan_oopp.tlog\link-cvtres.write.1.tlog
c:\users\smetana\documents\github\gevorkyan_oopp\gevorkyan_oopp\gevorkyan_oopp\x64\debug\gevorkyan_oopp.tlog\link-rc.read.1.tlog
c:\users\smetana\documents\github\gevorkyan_oopp\gevorkyan_oopp\gevorkyan_oopp\x64\debug\gevorkyan_oopp.tlog\link-rc.write.1.tlog
c:\users\smetana\documents\github\gevorkyan_oopp\gevorkyan_oopp\gevorkyan_oopp\x64\debug\gevorkyan_oopp.tlog\link.7828-cvtres.read.1.tlog
c:\users\smetana\documents\github\gevorkyan_oopp\gevorkyan_oopp\gevorkyan_oopp\x64\debug\gevorkyan_oopp.tlog\link.7828-cvtres.write.1.tlog
c:\users\smetana\documents\github\gevorkyan_oopp\gevorkyan_oopp\gevorkyan_oopp\x64\debug\gevorkyan_oopp.tlog\link.7828-rc.read.1.tlog
c:\users\smetana\documents\github\gevorkyan_oopp\gevorkyan_oopp\gevorkyan_oopp\x64\debug\gevorkyan_oopp.tlog\link.7828-rc.write.1.tlog
c:\users\smetana\documents\github\gevorkyan_oopp\gevorkyan_oopp\gevorkyan_oopp\x64\debug\gevorkyan_oopp.tlog\link.7828.read.1.tlog
c:\users\smetana\documents\github\gevorkyan_oopp\gevorkyan_oopp\gevorkyan_oopp\x64\debug\gevorkyan_oopp.tlog\link.7828.read.3.tlog
c:\users\smetana\documents\github\gevorkyan_oopp\gevorkyan_oopp\gevorkyan_oopp\x64\debug\gevorkyan_oopp.tlog\link.7828.write.1.tlog
c:\users\smetana\documents\github\gevorkyan_oopp\gevorkyan_oopp\gevorkyan_oopp\x64\debug\gevorkyan_oopp.tlog\link.command.1.tlog
c:\users\smetana\documents\github\gevorkyan_oopp\gevorkyan_oopp\gevorkyan_oopp\x64\debug\gevorkyan_oopp.tlog\link.read.1.tlog
c:\users\smetana\documents\github\gevorkyan_oopp\gevorkyan_oopp\gevorkyan_oopp\x64\debug\gevorkyan_oopp.tlog\link.read.2.tlog
c:\users\smetana\documents\github\gevorkyan_oopp\gevorkyan_oopp\gevorkyan_oopp\x64\debug\gevorkyan_oopp.tlog\link.secondary.1.tlog
c:\users\smetana\documents\github\gevorkyan_oopp\gevorkyan_oopp\gevorkyan_oopp\x64\debug\gevorkyan_oopp.tlog\link.write.1.tlog
